<?xml version="1.0" encoding="UTF-8"?>
<!-- Generated by org.testng.reporters.JUnitReportReporter -->
<testsuite hostname="KH537" name="test.EmployeeDirectory.tests.SampleTest" tests="2" failures="0" timestamp="2 Apr 2019 09:23:51 GMT" time="193.636" errors="0">
  <testcase name="LoginTest" time="36.836" classname="test.EmployeeDirectory.tests.SampleTest"/>
  <testcase name="EmployeeCheck" time="156.800" classname="test.EmployeeDirectory.tests.SampleTest"/>
</testsuite> <!-- test.EmployeeDirectory.tests.SampleTest -->
