<?xml version="1.0" encoding="UTF-8"?>
<!-- Generated by org.testng.reporters.JUnitReportReporter -->
<testsuite hostname="KH537" name="test.EmployeeDirectory.tests.LoginTests" tests="2" failures="0" timestamp="6 May 2019 09:52:53 GMT" time="100.959" errors="0">
  <testcase name="LoginTestWrongPwd" time="67.752" classname="test.EmployeeDirectory.tests.LoginTests"/>
  <testcase name="LoginTest" time="33.207" classname="test.EmployeeDirectory.tests.LoginTests"/>
</testsuite> <!-- test.EmployeeDirectory.tests.LoginTests -->
