<?xml version="1.0" encoding="UTF-8"?>
<!-- Generated by org.testng.reporters.JUnitReportReporter -->
<testsuite hostname="KH537" name="test.EmployeeDirectory.tests.KnowledgeFrameworkTests" tests="3" failures="0" timestamp="6 May 2019 09:52:53 GMT" time="127.382" errors="0">
  <testcase name="validatekFComp" time="43.548" classname="test.EmployeeDirectory.tests.KnowledgeFrameworkTests"/>
  <testcase name="validatekFObjServ" time="43.528" classname="test.EmployeeDirectory.tests.KnowledgeFrameworkTests"/>
  <testcase name="validatekFBtnClick" time="40.306" classname="test.EmployeeDirectory.tests.KnowledgeFrameworkTests"/>
</testsuite> <!-- test.EmployeeDirectory.tests.KnowledgeFrameworkTests -->
