<?xml version="1.0" encoding="UTF-8"?>
<!-- Generated by org.testng.reporters.JUnitReportReporter -->
<testsuite hostname="KH537" name="test.EmployeeDirectory.tests.ListDetailTests" tests="10" failures="0" timestamp="6 May 2019 09:52:53 GMT" time="430.219" errors="0">
  <testcase name="test_MenuColleagues" time="46.064" classname="test.EmployeeDirectory.tests.ListDetailTests"/>
  <testcase name="test_MenuSettings" time="46.240" classname="test.EmployeeDirectory.tests.ListDetailTests"/>
  <testcase name="test_MenuMessages" time="45.937" classname="test.EmployeeDirectory.tests.ListDetailTests"/>
  <testcase name="EmployeeCheck" time="38.161" classname="test.EmployeeDirectory.tests.ListDetailTests"/>
  <testcase name="test_MenuDirectory" time="36.879" classname="test.EmployeeDirectory.tests.ListDetailTests"/>
  <testcase name="searchByDepartmnt" time="40.937" classname="test.EmployeeDirectory.tests.ListDetailTests"/>
  <testcase name="FilterValidation" time="44.110" classname="test.EmployeeDirectory.tests.ListDetailTests"/>
  <testcase name="test_MenuEvents" time="45.917" classname="test.EmployeeDirectory.tests.ListDetailTests"/>
  <testcase name="srollDetailsScreen" time="40.135" classname="test.EmployeeDirectory.tests.ListDetailTests"/>
  <testcase name="searchByEmpname" time="45.839" classname="test.EmployeeDirectory.tests.ListDetailTests"/>
</testsuite> <!-- test.EmployeeDirectory.tests.ListDetailTests -->
